\BOOKMARK [0][-]{chapter*.1}{\376\377\000A\000b\000s\000t\000r\000a\000c\000t}{}% 1
\BOOKMARK [0][-]{chapter*.2}{\376\377\000A\000c\000k\000n\000o\000w\000l\000e\000d\000g\000e\000m\000e\000n\000t\000s}{}% 2
\BOOKMARK [0][-]{chapter.8}{\376\377\000I\000n\000t\000r\000o\000d\000u\000c\000t\000i\000o\000n}{}% 3
\BOOKMARK [1][-]{section.9}{\376\377\000O\000v\000e\000r\000v\000i\000e\000w}{chapter.8}% 4
\BOOKMARK [1][-]{section.10}{\376\377\000S\000i\000g\000n\000i\000f\000i\000c\000a\000n\000c\000e\000\040\000o\000f\000\040\000O\000p\000e\000n\000-\000S\000o\000u\000r\000c\000e\000\040\000T\000o\000o\000l\000s}{chapter.8}% 5
\BOOKMARK [1][-]{section.11}{\376\377\000P\000r\000o\000j\000e\000c\000t\000\040\000O\000b\000j\000e\000c\000t\000i\000v\000e\000s}{chapter.8}% 6
\BOOKMARK [1][-]{section.12}{\376\377\000S\000c\000o\000p\000e\000\040\000o\000f\000\040\000t\000h\000e\000\040\000P\000r\000o\000j\000e\000c\000t}{chapter.8}% 7
\BOOKMARK [1][-]{section.13}{\376\377\000A\000m\000p\000l\000i\000f\000i\000e\000r\000\040\000D\000e\000s\000i\000g\000n\000\040\000B\000a\000s\000i\000s}{chapter.8}% 8
\BOOKMARK [1][-]{section.14}{\376\377\000S\000t\000r\000u\000c\000t\000u\000r\000e\000\040\000o\000f\000\040\000t\000h\000e\000\040\000R\000e\000p\000o\000r\000t}{chapter.8}% 9
\BOOKMARK [1][-]{section.15}{\376\377\000E\000x\000p\000e\000c\000t\000e\000d\000\040\000O\000u\000t\000c\000o\000m\000e\000s}{chapter.8}% 10
\BOOKMARK [0][-]{chapter.16}{\376\377\000W\000o\000r\000k\000f\000l\000o\000w}{}% 11
\BOOKMARK [1][-]{section.17}{\376\377\000O\000v\000e\000r\000v\000i\000e\000w\000\040\000o\000f\000\040\000A\000n\000a\000l\000o\000g\000\040\000I\000C\000\040\000D\000e\000s\000i\000g\000n\000\040\000F\000l\000o\000w}{chapter.16}% 12
\BOOKMARK [1][-]{section.18}{\376\377\000D\000e\000s\000i\000g\000n\000\040\000F\000l\000o\000w\000\040\000S\000c\000h\000e\000m\000a\000t\000i\000c}{chapter.16}% 13
\BOOKMARK [1][-]{section.20}{\376\377\000D\000e\000s\000i\000g\000n\000\040\000S\000t\000a\000g\000e\000s\000\040\000a\000n\000d\000\040\000T\000h\000e\000i\000r\000\040\000P\000u\000r\000p\000o\000s\000e}{chapter.16}% 14
\BOOKMARK [2][-]{subsection.21}{\376\377\000D\000e\000s\000i\000g\000n\000\040\000C\000o\000n\000c\000e\000p\000t\000\040\000\050\000P\000y\000t\000h\000o\000n\000\051}{section.20}% 15
\BOOKMARK [2][-]{subsection.22}{\376\377\000S\000c\000h\000e\000m\000a\000t\000i\000c\000\040\000E\000n\000t\000r\000y\000\040\000\050\000X\000s\000c\000h\000e\000m\000\051}{section.20}% 16
\BOOKMARK [2][-]{subsection.23}{\376\377\000S\000i\000m\000u\000l\000a\000t\000i\000o\000n\000\040\000\050\000n\000g\000s\000p\000i\000c\000e\000\051}{section.20}% 17
\BOOKMARK [2][-]{subsection.24}{\376\377\000L\000a\000y\000o\000u\000t\000\040\000\050\000M\000a\000g\000i\000c\000\051}{section.20}% 18
\BOOKMARK [2][-]{subsection.25}{\376\377\000D\000e\000s\000i\000g\000n\000\040\000R\000u\000l\000e\000\040\000C\000h\000e\000c\000k\000\040\000\050\000D\000R\000C\000\051\000\040\000\050\000M\000a\000g\000i\000c\000\051}{section.20}% 19
\BOOKMARK [2][-]{subsection.26}{\376\377\000L\000a\000y\000o\000u\000t\000\040\000v\000e\000r\000s\000u\000s\000\040\000S\000c\000h\000e\000m\000a\000t\000i\000c\000\040\000\050\000L\000V\000S\000\051\000\040\000\050\000N\000e\000t\000g\000e\000n\000\051}{section.20}% 20
\BOOKMARK [2][-]{subsection.27}{\376\377\000D\000e\000v\000i\000c\000e\000\040\000a\000n\000d\000\040\000P\000a\000r\000a\000s\000i\000t\000i\000c\000\040\000E\000x\000t\000r\000a\000c\000t\000i\000o\000n\000\040\000\050\000M\000a\000g\000i\000c\000\051}{section.20}% 21
\BOOKMARK [1][-]{section.28}{\376\377\000P\000r\000o\000c\000e\000s\000s\000\040\000D\000e\000s\000i\000g\000n\000\040\000K\000i\000t\000s\000\040\000\050\000P\000D\000K\000s\000\051}{chapter.16}% 22
\BOOKMARK [1][-]{section.29}{\376\377\000D\000o\000c\000u\000m\000e\000n\000t\000a\000t\000i\000o\000n\000\040\000o\000f\000\040\000t\000h\000e\000\040\000D\000e\000s\000i\000g\000n\000\040\000P\000r\000o\000c\000e\000s\000s\000\040\000i\000n\000\040\000t\000h\000e\000\040\000W\000i\000k\000i}{chapter.16}% 23
\BOOKMARK [0][-]{appendix.30}{\376\377\000F\000r\000e\000q\000u\000e\000n\000t\000l\000y\000\040\000A\000s\000k\000e\000d\000\040\000Q\000u\000e\000s\000t\000i\000o\000n\000s}{}% 24
\BOOKMARK [1][-]{section.31}{\376\377\000H\000o\000w\000\040\000d\000o\000\040\000I\000\040\000c\000h\000a\000n\000g\000e\000\040\000t\000h\000e\000\040\000c\000o\000l\000o\000r\000s\000\040\000o\000f\000\040\000l\000i\000n\000k\000s\000?}{appendix.30}% 25
\BOOKMARK [0][-]{appendix*.32}{\376\377\000B\000i\000b\000l\000i\000o\000g\000r\000a\000p\000h\000y}{}% 26
