
Circuit 1 cell sky130_fd_pr__nfet_01v8 and Circuit 2 cell sky130_fd_pr__nfet_01v8 are black boxes.
Warning: Equate pins:  cell sky130_fd_pr__nfet_01v8 is a placeholder, treated as a black box.
Warning: Equate pins:  cell sky130_fd_pr__nfet_01v8 is a placeholder, treated as a black box.

Subcircuit pins:
Circuit 1: sky130_fd_pr__nfet_01v8         |Circuit 2: sky130_fd_pr__nfet_01v8         
-------------------------------------------|-------------------------------------------
1                                          |1                                          
2                                          |2                                          
3                                          |3                                          
4                                          |4                                          
---------------------------------------------------------------------------------------
Cell pin lists are equivalent.
Device classes sky130_fd_pr__nfet_01v8 and sky130_fd_pr__nfet_01v8 are equivalent.

Circuit 1 cell sky130_fd_pr__pfet_01v8 and Circuit 2 cell sky130_fd_pr__pfet_01v8 are black boxes.
Warning: Equate pins:  cell sky130_fd_pr__pfet_01v8 is a placeholder, treated as a black box.
Warning: Equate pins:  cell sky130_fd_pr__pfet_01v8 is a placeholder, treated as a black box.

Subcircuit pins:
Circuit 1: sky130_fd_pr__pfet_01v8         |Circuit 2: sky130_fd_pr__pfet_01v8         
-------------------------------------------|-------------------------------------------
1                                          |1                                          
2                                          |2                                          
3                                          |3                                          
4                                          |4                                          
---------------------------------------------------------------------------------------
Cell pin lists are equivalent.
Device classes sky130_fd_pr__pfet_01v8 and sky130_fd_pr__pfet_01v8 are equivalent.

Circuit 1 cell sky130_fd_pr__cap_mim_m3_1 and Circuit 2 cell sky130_fd_pr__cap_mim_m3_1 are black boxes.
Warning: Equate pins:  cell sky130_fd_pr__cap_mim_m3_1 is a placeholder, treated as a black box.
Warning: Equate pins:  cell sky130_fd_pr__cap_mim_m3_1 is a placeholder, treated as a black box.

Subcircuit pins:
Circuit 1: sky130_fd_pr__cap_mim_m3_1      |Circuit 2: sky130_fd_pr__cap_mim_m3_1      
-------------------------------------------|-------------------------------------------
1                                          |1                                          
2                                          |2                                          
---------------------------------------------------------------------------------------
Cell pin lists are equivalent.
Device classes sky130_fd_pr__cap_mim_m3_1 and sky130_fd_pr__cap_mim_m3_1 are equivalent.
Flattening unmatched subcell sky130_fd_pr__nfet_01v8_L9KS9E in circuit inv_sky130_a_v4 (0)(2 instances)
Flattening unmatched subcell sky130_fd_pr__nfet_01v8_4MHCRP in circuit inv_sky130_a_v4 (0)(1 instance)
Flattening unmatched subcell sky130_fd_pr__nfet_01v8_FPTJ7W in circuit inv_sky130_a_v4 (0)(1 instance)
Flattening unmatched subcell sky130_fd_pr__pfet_01v8_ND7MJ4 in circuit inv_sky130_a_v4 (0)(1 instance)
Flattening unmatched subcell sky130_fd_pr__cap_mim_m3_1_5UY5E6 in circuit inv_sky130_a_v4 (0)(1 instance)

Class inv_sky130_a_v4 (0):  Merged 19 parallel devices.
Subcircuit summary:
Circuit 1: inv_sky130_a_v4                 |Circuit 2: inv_sky130_a_v4                 
-------------------------------------------|-------------------------------------------
sky130_fd_pr__nfet_01v8 (16->4)            |sky130_fd_pr__nfet_01v8 (4)                
sky130_fd_pr__pfet_01v8 (8->1)             |sky130_fd_pr__pfet_01v8 (1)                
sky130_fd_pr__cap_mim_m3_1 (1)             |sky130_fd_pr__cap_mim_m3_1 (1)             
Number of devices: 6                       |Number of devices: 6                       
Number of nets: 8                          |Number of nets: 8                          
---------------------------------------------------------------------------------------
Netlists match uniquely.

Subcircuit pins:
Circuit 1: inv_sky130_a_v4                 |Circuit 2: inv_sky130_a_v4                 
-------------------------------------------|-------------------------------------------
VCC                                        |VCC                                        
out                                        |out                                        
in                                         |in                                         
VG2                                        |VG2                                        
VG1                                        |VG1                                        
VSS                                        |VSS                                        
---------------------------------------------------------------------------------------
Cell pin lists are equivalent.
Device classes inv_sky130_a_v4 and inv_sky130_a_v4 are equivalent.

Final result: Circuits match uniquely.
.
